This is pdfTeX, Version 3.14159265-2.6-1.40.15 (TeX Live 2014) (preloaded format=pdflatex 2015.5.25)  3 JUL 2017 16:20
entering extended mode
 restricted \write18 enabled.
 %&-line parsing enabled.
**thesis.tex
(./thesis.tex
LaTeX2e <2014/05/01>
Babel <3.9l> and hyphenation patterns for 79 languages loaded.
\@input{preamble/preamble.aux}
\openout2 = `preamble/preamble.aux'.

(./preamble/preamble.tex (./sfsuthesis.cls

LaTeX Warning: You have requested document class `sfsuthesis',
               but the document class provides `book'.

Document Class: book 1995/12/20 v1.3q Standard LaTeX document class
(/usr/local/texlive/2014/texmf-dist/tex/latex/base/bk12.clo
File: bk12.clo 2014/09/29 v1.4h Standard LaTeX file (size option)
)
\c@part=\count79
\c@chapter=\count80
\c@section=\count81
\c@subsection=\count82
\c@subsubsection=\count83
\c@paragraph=\count84
\c@subparagraph=\count85
\c@figure=\count86
\c@table=\count87
\abovecaptionskip=\skip41
\belowcaptionskip=\skip42
\bibindent=\dimen102
)
(/usr/local/texlive/2014/texmf-dist/tex/latex/amscls/amsthm.sty
Package: amsthm 2009/07/02 v2.20.1
\thm@style=\toks14
\thm@bodyfont=\toks15
\thm@headfont=\toks16
\thm@notefont=\toks17
\thm@headpunct=\toks18
\thm@preskip=\skip43
\thm@postskip=\skip44
\thm@headsep=\skip45
\dth@everypar=\toks19
)
(/usr/local/texlive/2014/texmf-dist/tex/latex/amsmath/amsmath.sty
Package: amsmath 2013/01/14 v2.14 AMS math features
\@mathmargin=\skip46

For additional information on amsmath, use the `?' option.
(/usr/local/texlive/2014/texmf-dist/tex/latex/amsmath/amstext.sty
Package: amstext 2000/06/29 v2.01

(/usr/local/texlive/2014/texmf-dist/tex/latex/amsmath/amsgen.sty
File: amsgen.sty 1999/11/30 v2.0
\@emptytoks=\toks20
\ex@=\dimen103
))
(/usr/local/texlive/2014/texmf-dist/tex/latex/amsmath/amsbsy.sty
Package: amsbsy 1999/11/29 v1.2d
\pmbraise@=\dimen104
)
(/usr/local/texlive/2014/texmf-dist/tex/latex/amsmath/amsopn.sty
Package: amsopn 1999/12/14 v2.01 operator names
)
\inf@bad=\count88
LaTeX Info: Redefining \frac on input line 210.
\uproot@=\count89
\leftroot@=\count90
LaTeX Info: Redefining \overline on input line 306.
\classnum@=\count91
\DOTSCASE@=\count92
LaTeX Info: Redefining \ldots on input line 378.
LaTeX Info: Redefining \dots on input line 381.
LaTeX Info: Redefining \cdots on input line 466.
\Mathstrutbox@=\box26
\strutbox@=\box27
\big@size=\dimen105
LaTeX Font Info:    Redeclaring font encoding OML on input line 566.
LaTeX Font Info:    Redeclaring font encoding OMS on input line 567.
\macc@depth=\count93
\c@MaxMatrixCols=\count94
\dotsspace@=\muskip10
\c@parentequation=\count95
\dspbrk@lvl=\count96
\tag@help=\toks21
\row@=\count97
\column@=\count98
\maxfields@=\count99
\andhelp@=\toks22
\eqnshift@=\dimen106
\alignsep@=\dimen107
\tagshift@=\dimen108
\tagwidth@=\dimen109
\totwidth@=\dimen110
\lineht@=\dimen111
\@envbody=\toks23
\multlinegap=\skip47
\multlinetaggap=\skip48
\mathdisplay@stack=\toks24
LaTeX Info: Redefining \[ on input line 2665.
LaTeX Info: Redefining \] on input line 2666.
)
(/usr/local/texlive/2014/texmf-dist/tex/latex/amsfonts/amssymb.sty
Package: amssymb 2013/01/14 v3.01 AMS font symbols

(/usr/local/texlive/2014/texmf-dist/tex/latex/amsfonts/amsfonts.sty
Package: amsfonts 2013/01/14 v3.01 Basic AMSFonts support
\symAMSa=\mathgroup4
\symAMSb=\mathgroup5
LaTeX Font Info:    Overwriting math alphabet `\mathfrak' in version `bold'
(Font)                  U/euf/m/n --> U/euf/b/n on input line 106.
))
(/usr/local/texlive/2014/texmf-dist/tex/latex/base/latexsym.sty
Package: latexsym 1998/08/17 v2.2e Standard LaTeX package (lasy symbols)
\symlasy=\mathgroup6
LaTeX Font Info:    Overwriting symbol font `lasy' in version `bold'
(Font)                  U/lasy/m/n --> U/lasy/b/n on input line 47.
)
(/usr/local/texlive/2014/texmf-dist/tex/latex/graphics/graphicx.sty
Package: graphicx 2014/10/28 v1.0g Enhanced LaTeX Graphics (DPC,SPQR)

(/usr/local/texlive/2014/texmf-dist/tex/latex/graphics/keyval.sty
Package: keyval 2014/10/28 v1.15 key=value parser (DPC)
\KV@toks@=\toks25
)
(/usr/local/texlive/2014/texmf-dist/tex/latex/graphics/graphics.sty
Package: graphics 2014/10/28 v1.0p Standard LaTeX Graphics (DPC,SPQR)

(/usr/local/texlive/2014/texmf-dist/tex/latex/graphics/trig.sty
Package: trig 1999/03/16 v1.09 sin cos tan (DPC)
)
(/usr/local/texlive/2014/texmf-dist/tex/latex/latexconfig/graphics.cfg
File: graphics.cfg 2010/04/23 v1.9 graphics configuration of TeX Live
)
Package graphics Info: Driver file: pdftex.def on input line 91.

(/usr/local/texlive/2014/texmf-dist/tex/latex/pdftex-def/pdftex.def
File: pdftex.def 2011/05/27 v0.06d Graphics/color for pdfTeX

(/usr/local/texlive/2014/texmf-dist/tex/generic/oberdiek/infwarerr.sty
Package: infwarerr 2010/04/08 v1.3 Providing info/warning/error messages (HO)
)
(/usr/local/texlive/2014/texmf-dist/tex/generic/oberdiek/ltxcmds.sty
Package: ltxcmds 2011/11/09 v1.22 LaTeX kernel commands for general use (HO)
)
\Gread@gobject=\count100
))
\Gin@req@height=\dimen112
\Gin@req@width=\dimen113
)
(/usr/local/texlive/2014/texmf-dist/tex/latex/tools/enumerate.sty
Package: enumerate 2014/10/28 v3.00 enumerate extensions (DPC)
\@enLab=\toks26
)
(/usr/local/texlive/2014/texmf-dist/tex/latex/setspace/setspace.sty
Package: setspace 2011/12/19 v6.7a set line spacing
)
(/usr/local/texlive/2014/texmf-dist/tex/latex/tools/verbatim.sty
Package: verbatim 2014/10/28 v1.5q LaTeX2e package for verbatim enhancements
\every@verbatim=\toks27
\verbatim@line=\toks28
\verbatim@in@stream=\read1
)
(/usr/local/texlive/2014/texmf-dist/tex/latex/tocloft/tocloft.sty
Package: tocloft 2013/05/02 v2.3f parameterised ToC, etc., typesetting
Package tocloft Info: The document has chapter divisions on input line 44.
\cftparskip=\skip49
\cftbeforetoctitleskip=\skip50
\cftaftertoctitleskip=\skip51
\cftbeforepartskip=\skip52
\cftpartnumwidth=\skip53
\cftpartindent=\skip54
\cftbeforechapskip=\skip55
\cftchapindent=\skip56
\cftchapnumwidth=\skip57
\cftbeforesecskip=\skip58
\cftsecindent=\skip59
\cftsecnumwidth=\skip60
\cftbeforesubsecskip=\skip61
\cftsubsecindent=\skip62
\cftsubsecnumwidth=\skip63
\cftbeforesubsubsecskip=\skip64
\cftsubsubsecindent=\skip65
\cftsubsubsecnumwidth=\skip66
\cftbeforeparaskip=\skip67
\cftparaindent=\skip68
\cftparanumwidth=\skip69
\cftbeforesubparaskip=\skip70
\cftsubparaindent=\skip71
\cftsubparanumwidth=\skip72
\cftbeforeloftitleskip=\skip73
\cftafterloftitleskip=\skip74
\cftbeforefigskip=\skip75
\cftfigindent=\skip76
\cftfignumwidth=\skip77
\c@lofdepth=\count101
\c@lotdepth=\count102
\cftbeforelottitleskip=\skip78
\cftafterlottitleskip=\skip79
\cftbeforetabskip=\skip80
\cfttabindent=\skip81
\cfttabnumwidth=\skip82
)
(/usr/local/texlive/2014/texmf-dist/tex/latex/rotating/rotating.sty
Package: rotating 2009/03/28 v2.16a rotated objects in LaTeX

(/usr/local/texlive/2014/texmf-dist/tex/latex/base/ifthen.sty
Package: ifthen 2014/09/29 v1.1c Standard LaTeX ifthen package (DPC)
)
\c@r@tfl@t=\count103
\rotFPtop=\skip83
\rotFPbot=\skip84
\rot@float@box=\box28
\rot@mess@toks=\toks29
)
(/usr/local/texlive/2014/texmf-dist/tex/latex/graphics/color.sty
Package: color 2014/10/28 v1.1a Standard LaTeX Color (DPC)

(/usr/local/texlive/2014/texmf-dist/tex/latex/latexconfig/color.cfg
File: color.cfg 2007/01/18 v1.5 color configuration of teTeX/TeXLive
)
Package color Info: Driver file: pdftex.def on input line 137.
)
(/usr/local/texlive/2014/texmf-dist/tex/latex/algorithm2e/algorithm2e.sty
Package: algorithm2e 2013/01/06 v5.00 algorithms environments
\c@AlgoLine=\count104

(/usr/local/texlive/2014/texmf-dist/tex/latex/tools/xspace.sty
Package: xspace 2014/10/28 v1.13 Space after command names (DPC,MH)
)
(/usr/local/texlive/2014/texmf-dist/tex/latex/relsize/relsize.sty
Package: relsize 2013/03/29 ver 4.1
)
********************************************************
Package `algorithm2e' Release 5.0 -- january 06 2013 --
- algorithm2e-announce@lirmm.fr mailing list for announcement about releases
- algorithm2e-discussion@lirmm.fr mailing list for discussion about package
subscribe by emailing sympa@lirmm.fr with 'subscribe <list> <firstname name>'
- Author: Christophe Fiorio (cfiorio@um2.fr)
********************************************************
\skiptotal=\skip85
\skiplinenumber=\skip86
\skiprule=\skip87
\skiphlne=\skip88
\skiptext=\skip89
\skiplength=\skip90
\algomargin=\skip91
\skipalgocfslide=\skip92
\algowidth=\dimen114
\inoutsize=\dimen115
\inoutindent=\dimen116
\interspacetitleruled=\dimen117
\interspacealgoruled=\dimen118
\interspacetitleboxruled=\dimen119
\algocf@inoutbox=\box29
\algocf@inputbox=\box30
\AlCapSkip=\skip93
\AlCapHSkip=\skip94
\algoskipindent=\skip95
\algocf@nlbox=\box31
\algocf@hangingbox=\box32
\algocf@untilbox=\box33
\algocf@skipuntil=\skip96
\algocf@capbox=\box34
\algoheightruledefault=\skip97
\algoheightrule=\skip98
\algotitleheightruledefault=\skip99
\algotitleheightrule=\skip100
\c@algocfline=\count105
\c@algocfproc=\count106
\c@algocf=\count107
\algocf@algoframe=\box35
\algocf@algobox=\box36
) (/usr/local/texlive/2014/texmf-dist/tex/latex/tools/hhline.sty
Package: hhline 2014/10/28 v2.03 Table rule package (DPC)
)
(/usr/local/texlive/2014/texmf-dist/tex/latex/algorithmicx/algorithmicx.sty
Package: algorithmicx 2005/04/27 v1.2 Algorithmicx

Document Style algorithmicx 1.2 - a greatly improved `algorithmic' style
\c@ALG@line=\count108
\c@ALG@rem=\count109
\c@ALG@nested=\count110
\ALG@tlm=\skip101
\ALG@thistlm=\skip102
\c@ALG@Lnr=\count111
\c@ALG@blocknr=\count112
\c@ALG@storecount=\count113
\c@ALG@tmpcounter=\count114
\ALG@tmplength=\skip103
) (/usr/local/texlive/2014/texmf-dist/tex/latex/caption/subcaption.sty
Package: subcaption 2013/02/03 v1.1-62 Sub-captions (AR)

(/usr/local/texlive/2014/texmf-dist/tex/latex/caption/caption.sty
Package: caption 2013/05/02 v3.3-89 Customizing captions (AR)

(/usr/local/texlive/2014/texmf-dist/tex/latex/caption/caption3.sty
Package: caption3 2013/05/02 v1.6-88 caption3 kernel (AR)
Package caption3 Info: TeX engine: e-TeX on input line 57.
\captionmargin=\dimen120
\captionmargin@=\dimen121
\captionwidth=\dimen122
\caption@tempdima=\dimen123
\caption@indent=\dimen124
\caption@parindent=\dimen125
\caption@hangindent=\dimen126
)
\c@ContinuedFloat=\count115
Package caption Info: rotating package is loaded.
)
\c@subfigure=\count116
\c@subtable=\count117
)
(/usr/local/texlive/2014/texmf-dist/tex/latex/subfig/subfig.sty
Package: subfig 2005/06/28 ver: 1.3 subfig package
\c@KVtest=\count118
\sf@farskip=\skip104
\sf@captopadj=\dimen127
\sf@capskip=\skip105
\sf@nearskip=\skip106
\sf@top=\skip107
\sf@bottom=\skip108
)
(/usr/local/texlive/2014/texmf-dist/tex/latex/adjustbox/adjustbox.sty
Package: adjustbox 2012/05/21 v1.0 Adjusting TeX boxes (trim, clip, ...)

(/usr/local/texlive/2014/texmf-dist/tex/latex/xkeyval/xkeyval.sty
Package: xkeyval 2014/12/03 v2.7a package option processing (HA)

(/usr/local/texlive/2014/texmf-dist/tex/generic/xkeyval/xkeyval.tex
(/usr/local/texlive/2014/texmf-dist/tex/generic/xkeyval/xkvutils.tex
\XKV@toks=\toks30
\XKV@tempa@toks=\toks31
)
\XKV@depth=\count119
File: xkeyval.tex 2014/12/03 v2.7a key=value parser (HA)
))
(/usr/local/texlive/2014/texmf-dist/tex/latex/adjustbox/adjcalc.sty
Package: adjcalc 2012/05/16 v1.1 Provides advanced setlength with multiple back
-ends (calc, etex, pgfmath)
)
(/usr/local/texlive/2014/texmf-dist/tex/latex/adjustbox/trimclip.sty
Package: trimclip 2012/05/16 v1.0 Trim and clip general TeX material

(/usr/local/texlive/2014/texmf-dist/tex/latex/collectbox/collectbox.sty
Package: collectbox 2012/05/17 v0.4b Collect macro arguments as boxes
\collectedbox=\box37
)
\tc@llx=\dimen128
\tc@lly=\dimen129
\tc@urx=\dimen130
\tc@ury=\dimen131
Package trimclip Info: Using driver 'tc-pdftex.def'.

(/usr/local/texlive/2014/texmf-dist/tex/latex/adjustbox/tc-pdftex.def
File: tc-pdftex.def 2012/05/13 v1.0 Clipping driver for pdftex
))
\adjbox@Width=\dimen132
\adjbox@Height=\dimen133
\adjbox@Depth=\dimen134
\adjbox@Totalheight=\dimen135

(/usr/local/texlive/2014/texmf-dist/tex/latex/ifoddpage/ifoddpage.sty
Package: ifoddpage 2011/09/13 v1.0 Conditionals for odd/even page detection
\c@checkoddpage=\count120
)
(/usr/local/texlive/2014/texmf-dist/tex/latex/varwidth/varwidth.sty
Package: varwidth 2009/03/30 ver 0.92;  Variable-width minipages
\@vwid@box=\box38
\sift@deathcycles=\count121
\@vwid@loff=\dimen136
\@vwid@roff=\dimen137
))
(/usr/local/texlive/2014/texmf-dist/tex/latex/float/float.sty
Package: float 2001/11/08 v1.3d Float enhancements (AL)
\c@float@type=\count122
\float@exts=\toks32
\float@box=\box39
\@float@everytoks=\toks33
\@floatcapt=\box40
)
\c@theorem=\count123
\c@conjecture=\count124
\c@definition=\count125
\c@example=\count126
\c@claim=\count127
 (./thesis.aux
(./cmds/cmds.aux) (./intro/intro.aux) (./bg/bg.aux) (./lift/lift.aux)
(./holder/holder.aux

LaTeX Warning: Label `fig:weierstrass' multiply defined.

) (./eeg/eeg.aux))
\openout1 = `thesis.aux'.

LaTeX Font Info:    Checking defaults for OML/cmm/m/it on input line 88.
LaTeX Font Info:    ... okay on input line 88.
LaTeX Font Info:    Checking defaults for T1/cmr/m/n on input line 88.
LaTeX Font Info:    ... okay on input line 88.
LaTeX Font Info:    Checking defaults for OT1/cmr/m/n on input line 88.
LaTeX Font Info:    ... okay on input line 88.
LaTeX Font Info:    Checking defaults for OMS/cmsy/m/n on input line 88.
LaTeX Font Info:    ... okay on input line 88.
LaTeX Font Info:    Checking defaults for OMX/cmex/m/n on input line 88.
LaTeX Font Info:    ... okay on input line 88.
LaTeX Font Info:    Checking defaults for U/cmr/m/n on input line 88.
LaTeX Font Info:    ... okay on input line 88.

(/usr/local/texlive/2014/texmf-dist/tex/context/base/supp-pdf.mkii
[Loading MPS to PDF converter (version 2006.09.02).]
\scratchcounter=\count128
\scratchdimen=\dimen138
\scratchbox=\box41
\nofMPsegments=\count129
\nofMParguments=\count130
\everyMPshowfont=\toks34
\MPscratchCnt=\count131
\MPscratchDim=\dimen139
\MPnumerator=\count132
\makeMPintoPDFobject=\count133
\everyMPtoPDFconversion=\toks35
) (/usr/local/texlive/2014/texmf-dist/tex/generic/oberdiek/pdftexcmds.sty
Package: pdftexcmds 2011/11/29 v0.20 Utility functions of pdfTeX for LuaTeX (HO
)

(/usr/local/texlive/2014/texmf-dist/tex/generic/oberdiek/ifluatex.sty
Package: ifluatex 2010/03/01 v1.3 Provides the ifluatex switch (HO)
Package ifluatex Info: LuaTeX not detected.
)
(/usr/local/texlive/2014/texmf-dist/tex/generic/oberdiek/ifpdf.sty
Package: ifpdf 2011/01/30 v2.3 Provides the ifpdf switch (HO)
Package ifpdf Info: pdfTeX in PDF mode is detected.
)
Package pdftexcmds Info: LuaTeX not detected.
Package pdftexcmds Info: \pdf@primitive is available.
Package pdftexcmds Info: \pdf@ifprimitive is available.
Package pdftexcmds Info: \pdfdraftmode found.
)
(/usr/local/texlive/2014/texmf-dist/tex/latex/oberdiek/epstopdf-base.sty
Package: epstopdf-base 2010/02/09 v2.5 Base part for package epstopdf

(/usr/local/texlive/2014/texmf-dist/tex/latex/oberdiek/grfext.sty
Package: grfext 2010/08/19 v1.1 Manage graphics extensions (HO)

(/usr/local/texlive/2014/texmf-dist/tex/generic/oberdiek/kvdefinekeys.sty
Package: kvdefinekeys 2011/04/07 v1.3 Define keys (HO)
))
(/usr/local/texlive/2014/texmf-dist/tex/latex/oberdiek/kvoptions.sty
Package: kvoptions 2011/06/30 v3.11 Key value format for package options (HO)

(/usr/local/texlive/2014/texmf-dist/tex/generic/oberdiek/kvsetkeys.sty
Package: kvsetkeys 2012/04/25 v1.16 Key value parser (HO)

(/usr/local/texlive/2014/texmf-dist/tex/generic/oberdiek/etexcmds.sty
Package: etexcmds 2011/02/16 v1.5 Avoid name clashes with e-TeX commands (HO)
Package etexcmds Info: Could not find \expanded.
(etexcmds)             That can mean that you are not using pdfTeX 1.50 or
(etexcmds)             that some package has redefined \expanded.
(etexcmds)             In the latter case, load this package earlier.
)))
Package grfext Info: Graphics extension search list:
(grfext)             [.png,.pdf,.jpg,.mps,.jpeg,.jbig2,.jb2,.PNG,.PDF,.JPG,.JPE
G,.JBIG2,.JB2,.eps]
(grfext)             \AppendGraphicsExtensions on input line 452.

(/usr/local/texlive/2014/texmf-dist/tex/latex/latexconfig/epstopdf-sys.cfg
File: epstopdf-sys.cfg 2010/07/13 v1.3 Configuration of (r)epstopdf for TeX Liv
e
))
Package caption Info: Begin \AtBeginDocument code.
Package caption Info: subfig package v1.3 is loaded.
Package caption Info: float package is loaded.
Package caption Info: End \AtBeginDocument code.
LaTeX Font Info:    Try loading font information for U+msa on input line 93.

(/usr/local/texlive/2014/texmf-dist/tex/latex/amsfonts/umsa.fd
File: umsa.fd 2013/01/14 v3.01 AMS symbols A
)
LaTeX Font Info:    Try loading font information for U+msb on input line 93.

(/usr/local/texlive/2014/texmf-dist/tex/latex/amsfonts/umsb.fd
File: umsb.fd 2013/01/14 v3.01 AMS symbols B
)
LaTeX Font Info:    Try loading font information for U+lasy on input line 93.

(/usr/local/texlive/2014/texmf-dist/tex/latex/base/ulasy.fd
File: ulasy.fd 1998/08/17 v2.2e LaTeX symbol font definitions
) [1


{/usr/local/texlive/2014/texmf-var/fonts/map/pdftex/updmap/pdftex.map}] [2] [3]
 [4] [5]
[6] (./thesis.toc [7])
\tf@toc=\write3
\openout3 = `thesis.toc'.

 [8] (./thesis.lot)
\tf@lot=\write4
\openout4 = `thesis.lot'.

 [9] (./thesis.lof
Overfull \hbox (50.96796pt too wide) in paragraph at lines 14--14
 [][] []\OT1/cmr/m/n/12 Fractional Brow-n-ian mo-tion and the Cauchy pro-cess w
ith $\OML/cmm/m/it/12  \OT1/cmr/m/n/12 = \OMS/cmsy/m/n/12 f\OT1/cmr/m/n/12 0\O
ML/cmm/m/it/12 :\OT1/cmr/m/n/12 20\OML/cmm/m/it/12 ; \OT1/cmr/m/n/12 0\OML/cmm/
m/it/12 :\OT1/cmr/m/n/12 42\OML/cmm/m/it/12 ; \OT1/cmr/m/n/12 0\OML/cmm/m/it/12
 :\OT1/cmr/m/n/12 80\OMS/cmsy/m/n/12 g$\OT1/cmr/m/n/12 . 
 []

[10])
\tf@lof=\write5
\openout5 = `thesis.lof'.

 [11])
\openout2 = `cmds/cmds.aux'.

 (./cmds/cmds.tex
\c@thm=\count134
)
\openout2 = `intro/intro.aux'.

 (./intro/intro.tex
Chapter 1.

Overfull \vbox (7.73332pt too high) has occurred while \output is active []


[1





]
Overfull \vbox (7.73332pt too high) has occurred while \output is active []


[2])
Overfull \vbox (7.73332pt too high) has occurred while \output is active []


[3]
\openout2 = `bg/bg.aux'.

 (./bg/bg.tex
Chapter 2.

Overfull \vbox (7.73332pt too high) has occurred while \output is active []


[4



]
Overfull \vbox (7.73332pt too high) has occurred while \output is active []


[5]
Overfull \vbox (7.73332pt too high) has occurred while \output is active []


[6]
Overfull \vbox (7.73332pt too high) has occurred while \output is active []


[7]
Overfull \vbox (7.73332pt too high) has occurred while \output is active []


[8]
Overfull \vbox (7.73332pt too high) has occurred while \output is active []


[9]
Overfull \vbox (7.73332pt too high) has occurred while \output is active []


[10]
Overfull \vbox (7.73332pt too high) has occurred while \output is active []


[11]
Overfull \vbox (7.73332pt too high) has occurred while \output is active []


[12]
Overfull \vbox (7.73332pt too high) has occurred while \output is active []


[13]
Overfull \vbox (7.73332pt too high) has occurred while \output is active []


[14]
Overfull \vbox (7.73332pt too high) has occurred while \output is active []


[15]
Overfull \vbox (7.73332pt too high) has occurred while \output is active []


[16]
Overfull \vbox (7.73332pt too high) has occurred while \output is active []


[17]
Overfull \vbox (7.73332pt too high) has occurred while \output is active []


[18]
Overfull \vbox (7.73332pt too high) has occurred while \output is active []


[19]
Overfull \vbox (7.73332pt too high) has occurred while \output is active []


[20]
Overfull \vbox (7.73332pt too high) has occurred while \output is active []


[21]
Overfull \vbox (7.73332pt too high) has occurred while \output is active []


[22]
Overfull \vbox (7.73332pt too high) has occurred while \output is active []


[23])
Overfull \vbox (7.73332pt too high) has occurred while \output is active []


[24]
\openout2 = `lift/lift.aux'.

 (./lift/lift.tex
Chapter 3.

Overfull \vbox (7.73332pt too high) has occurred while \output is active []


[25



]
Overfull \vbox (7.73332pt too high) has occurred while \output is active []


[26]
<./figs/sim_jitter_plot_jitter_timeseries.pdf, id=136, 504.88625pt x 504.88625p
t>
File: ./figs/sim_jitter_plot_jitter_timeseries.pdf Graphic file (type pdf)
 <use ./figs/sim_jitter_plot_jitter_timeseries.pdf>
Package pdftex.def Info: ./figs/sim_jitter_plot_jitter_timeseries.pdf used on i
nput line 27.
(pdftex.def)             Requested size: 426.39255pt x 426.39731pt.

<./figs/sim_jitter_plot-sim-fits.pdf, id=137, 578.16pt x 433.62pt>
File: ./figs/sim_jitter_plot-sim-fits.pdf Graphic file (type pdf)

<use ./figs/sim_jitter_plot-sim-fits.pdf>
Package pdftex.def Info: ./figs/sim_jitter_plot-sim-fits.pdf used on input line
 43.
(pdftex.def)             Requested size: 426.39255pt x 319.79529pt.

Overfull \vbox (7.73332pt too high) has occurred while \output is active []


[27]
Overfull \vbox (7.73332pt too high) has occurred while \output is active []


[28 <./figs/sim_jitter_plot_jitter_timeseries.pdf>]
Overfull \vbox (7.73332pt too high) has occurred while \output is active []


[29 <./figs/sim_jitter_plot-sim-fits.pdf>]
<./figs/ecomplex_approx-feature-space.pdf, id=164, 805.0075pt x 358.33875pt>
File: ./figs/ecomplex_approx-feature-space.pdf Graphic file (type pdf)

<use ./figs/ecomplex_approx-feature-space.pdf>
Package pdftex.def Info: ./figs/ecomplex_approx-feature-space.pdf used on input
 line 59.
(pdftex.def)             Requested size: 426.39255pt x 189.8038pt.

Overfull \vbox (7.73332pt too high) has occurred while \output is active []


[30]
Overfull \vbox (7.73332pt too high) has occurred while \output is active []


[31 <./figs/ecomplex_approx-feature-space.pdf>]
Overfull \vbox (7.73332pt too high) has occurred while \output is active []


[32]
Overfull \vbox (7.73332pt too high) has occurred while \output is active []


[33] <./figs/benchmark-benchmark.pdf, id=189, 433.62pt x 289.08pt>
File: ./figs/benchmark-benchmark.pdf Graphic file (type pdf)

<use ./figs/benchmark-benchmark.pdf>
Package pdftex.def Info: ./figs/benchmark-benchmark.pdf used on input line 143.

(pdftex.def)             Requested size: 426.39255pt x 284.2757pt.

Overfull \vbox (7.73332pt too high) has occurred while \output is active []


[34 <./figs/benchmark-benchmark.pdf>])
Overfull \vbox (7.73332pt too high) has occurred while \output is active []


[35]
\openout2 = `holder/holder.aux'.

 (./holder/holder.tex
Chapter 4.

Overfull \vbox (7.73332pt too high) has occurred while \output is active []


[36



] <./figs/coeff-interp-simple-functions0.pdf, id=207, 505.89pt x 505.89pt>
File: ./figs/coeff-interp-simple-functions0.pdf Graphic file (type pdf)

<use ./figs/coeff-interp-simple-functions0.pdf>
Package pdftex.def Info: ./figs/coeff-interp-simple-functions0.pdf used on inpu
t line 27.
(pdftex.def)             Requested size: 172.68733pt x 216.81056pt.

<./figs/coeff-interp-simple-functions1.pdf, id=208, 505.89pt x 505.89pt>
File: ./figs/coeff-interp-simple-functions1.pdf Graphic file (type pdf)

<use ./figs/coeff-interp-simple-functions1.pdf>
Package pdftex.def Info: ./figs/coeff-interp-simple-functions1.pdf used on inpu
t line 33.
(pdftex.def)             Requested size: 172.68733pt x 216.81056pt.

<./figs/coeff-interp-simple-fits.pdf, id=209, 578.16pt x 216.81pt>
File: ./figs/coeff-interp-simple-fits.pdf Graphic file (type pdf)

<use ./figs/coeff-interp-simple-fits.pdf>
Package pdftex.def Info: ./figs/coeff-interp-simple-fits.pdf used on input line
 46.
(pdftex.def)             Requested size: 426.39255pt x 159.89763pt.


LaTeX Warning: `h' float specifier changed to `ht'.


Overfull \vbox (7.73332pt too high) has occurred while \output is active []


[37 <./figs/coeff-interp-simple-functions0.pdf> <./figs/coeff-interp-simple-fun
ctions1.pdf>]
Overfull \vbox (7.73332pt too high) has occurred while \output is active []


[38 <./figs/coeff-interp-simple-fits.pdf>]
Overfull \vbox (7.73332pt too high) has occurred while \output is active []


[39]

LaTeX Warning: Reference `thm:holder' on page 40 undefined on input line 158.


Overfull \vbox (7.73332pt too high) has occurred while \output is active []


[40]
Overfull \vbox (7.73332pt too high) has occurred while \output is active []


[41]
<./figs/holder_notrandom-weier-notrandom.pdf, id=247, 505.89pt x 505.89pt>
File: ./figs/holder_notrandom-weier-notrandom.pdf Graphic file (type pdf)

<use ./figs/holder_notrandom-weier-notrandom.pdf>
Package pdftex.def Info: ./figs/holder_notrandom-weier-notrandom.pdf used on in
put line 245.
(pdftex.def)             Requested size: 188.04091pt x 216.81056pt.

<./figs/holder_coeffs-weier-random.pdf, id=248, 505.89pt x 505.89pt>
File: ./figs/holder_coeffs-weier-random.pdf Graphic file (type pdf)

<use ./figs/holder_coeffs-weier-random.pdf>
Package pdftex.def Info: ./figs/holder_coeffs-weier-random.pdf used on input li
ne 251.
(pdftex.def)             Requested size: 188.04091pt x 216.81056pt.


LaTeX Warning: `h' float specifier changed to `ht'.


<./figs/holder_notrandom-param-plots-notrandom.pdf, id=249, 650.43pt x 289.08pt
>
File: ./figs/holder_notrandom-param-plots-notrandom.pdf Graphic file (type pdf)

 <use ./figs/holder_notrandom-param-plots-notrandom.pdf>
Package pdftex.def Info: ./figs/holder_notrandom-param-plots-notrandom.pdf used
 on input line 263.
(pdftex.def)             Requested size: 426.39255pt x 189.51419pt.

Overfull \vbox (7.73332pt too high) has occurred while \output is active []


[42]
Overfull \vbox (7.73332pt too high) has occurred while \output is active []


[43 <./figs/holder_notrandom-weier-notrandom.pdf> <./figs/holder_coeffs-weier-r
andom.pdf>]
Overfull \vbox (7.73332pt too high) has occurred while \output is active []


[44 <./figs/holder_notrandom-param-plots-notrandom.pdf>]
<./figs/holder_coeffs-boxplots.pdf, id=278, 650.43pt x 289.08pt>
File: ./figs/holder_coeffs-boxplots.pdf Graphic file (type pdf)

<use ./figs/holder_coeffs-boxplots.pdf>
Package pdftex.def Info: ./figs/holder_coeffs-boxplots.pdf used on input line 3
55.
(pdftex.def)             Requested size: 433.63216pt x 192.7254pt.

Overfull \hbox (7.23961pt too wide) in paragraph at lines 355--356
 [] 
 []

<./figs/fBm-coeffs-plot.pdf, id=279, 361.35pt x 289.08pt>
File: ./figs/fBm-coeffs-plot.pdf Graphic file (type pdf)

<use ./figs/fBm-coeffs-plot.pdf>
Package pdftex.def Info: ./figs/fBm-coeffs-plot.pdf used on input line 373.
(pdftex.def)             Requested size: 188.04092pt x 216.80946pt.

<./figs/cauchy-plot.pdf, id=280, 361.35pt x 289.08pt>
File: ./figs/cauchy-plot.pdf Graphic file (type pdf)

<use ./figs/cauchy-plot.pdf>
Package pdftex.def Info: ./figs/cauchy-plot.pdf used on input line 379.
(pdftex.def)             Requested size: 188.04092pt x 216.80946pt.

<./figs/fBm-coeffs-boxplots.pdf, id=281, 650.43pt x 289.08pt>
File: ./figs/fBm-coeffs-boxplots.pdf Graphic file (type pdf)

<use ./figs/fBm-coeffs-boxplots.pdf>
Package pdftex.def Info: ./figs/fBm-coeffs-boxplots.pdf used on input line 392.

(pdftex.def)             Requested size: 433.63216pt x 192.7254pt.

Overfull \hbox (7.23961pt too wide) in paragraph at lines 392--394
 [] 
 []

<./figs/cauchy-boxplots.pdf, id=282, 650.43pt x 289.08pt>
File: ./figs/cauchy-boxplots.pdf Graphic file (type pdf)

<use ./figs/cauchy-boxplots.pdf>
Package pdftex.def Info: ./figs/cauchy-boxplots.pdf used on input line 402.
(pdftex.def)             Requested size: 433.63216pt x 192.7254pt.

Overfull \hbox (7.23961pt too wide) in paragraph at lines 402--404
 [] 
 []


Overfull \vbox (7.73332pt too high) has occurred while \output is active []


[45 <./figs/holder_coeffs-boxplots.pdf>]
Overfull \vbox (7.73332pt too high) has occurred while \output is active []


[46 <./figs/fBm-coeffs-plot.pdf> <./figs/cauchy-plot.pdf> <./figs/fBm-coeffs-bo
xplots.pdf>]
<./figs/cauchyalpha-scatterplots.pdf, id=313, 650.43pt x 289.08pt>
File: ./figs/cauchyalpha-scatterplots.pdf Graphic file (type pdf)

<use ./figs/cauchyalpha-scatterplots.pdf>
Package pdftex.def Info: ./figs/cauchyalpha-scatterplots.pdf used on input line
 421.
(pdftex.def)             Requested size: 433.63216pt x 192.7254pt.

Overfull \hbox (7.23961pt too wide) in paragraph at lines 421--423
 [] 
 []

<./figs/cauchybeta-scatterplots.pdf, id=314, 650.43pt x 289.08pt>
File: ./figs/cauchybeta-scatterplots.pdf Graphic file (type pdf)

<use ./figs/cauchybeta-scatterplots.pdf>
Package pdftex.def Info: ./figs/cauchybeta-scatterplots.pdf used on input line 
431.
(pdftex.def)             Requested size: 433.63216pt x 192.7254pt.

Overfull \hbox (7.23961pt too wide) in paragraph at lines 431--433
 [] 
 []


LaTeX Warning: `h' float specifier changed to `ht'.


Overfull \vbox (7.73332pt too high) has occurred while \output is active []


[47 <./figs/cauchy-boxplots.pdf>])
Overfull \vbox (7.73332pt too high) has occurred while \output is active []


[48 <./figs/cauchyalpha-scatterplots.pdf>]
Overfull \vbox (7.73332pt too high) has occurred while \output is active []


[49 <./figs/cauchybeta-scatterplots.pdf>]
\openout2 = `eeg/eeg.aux'.

 (./eeg/eeg.tex
Chapter 5.

Overfull \hbox (15.24744pt too wide) in paragraph at lines 3--10
\OT1/cmr/m/n/12 Electroencephalograms(EEG) cap-ture the elec-tro-mag-netic po-t
en-tial of sim-i-larly aligned
 []


Overfull \vbox (7.73332pt too high) has occurred while \output is active []


[50



]
Overfull \vbox (7.73332pt too high) has occurred while \output is active []


[51]
Overfull \vbox (7.73332pt too high) has occurred while \output is active []


[52]
Overfull \vbox (7.73332pt too high) has occurred while \output is active []


[53]
Overfull \hbox (4.1016pt too wide) in paragraph at lines 121--123
\OT1/cmr/m/n/12 The Hurst pa-ram-e-ter was es-ti-mated us-ing the cor-rected em
-pir-i-cal Hurst exponent[[]]. 
 []


Overfull \vbox (7.73332pt too high) has occurred while \output is active []


[54]
Overfull \hbox (29.41675pt too wide) in paragraph at lines 223--226
[]\OT1/cmr/m/n/12 For each chan-nel com-pute set of fea-tures on reg-u-lar in-t
er-vals in-clud-ing $\OML/cmm/m/it/12 "\OMS/cmsy/m/n/12 ^^@$\OT1/cmr/m/n/12 com
plexity. 
 []


Overfull \vbox (7.73332pt too high) has occurred while \output is active []


[55] <./figs/eeg-segment-plot.pdf, id=362, 650.43pt x 289.08pt>
File: ./figs/eeg-segment-plot.pdf Graphic file (type pdf)

<use ./figs/eeg-segment-plot.pdf>
Package pdftex.def Info: ./figs/eeg-segment-plot.pdf used on input line 256.
(pdftex.def)             Requested size: 426.39255pt x 189.51419pt.

Overfull \vbox (7.73332pt too high) has occurred while \output is active []


[56]
Overfull \vbox (7.73332pt too high) has occurred while \output is active []


[57 <./figs/eeg-segment-plot.pdf>]
Overfull \vbox (7.73332pt too high) has occurred while \output is active []


[58] <./figs/eeg-partition-diagnostic.pdf, id=383, 585.18625pt x 295.1025pt>
File: ./figs/eeg-partition-diagnostic.pdf Graphic file (type pdf)

<use ./figs/eeg-partition-diagnostic.pdf>
Package pdftex.def Info: ./figs/eeg-partition-diagnostic.pdf used on input line
 333.
(pdftex.def)             Requested size: 426.39255pt x 215.03127pt.

Overfull \vbox (7.73332pt too high) has occurred while \output is active []


[59 <./figs/eeg-partition-diagnostic.pdf>]
<./figs/eegroc-comb.pdf, id=393, 578.16pt x 289.08pt>
File: ./figs/eegroc-comb.pdf Graphic file (type pdf)

<use ./figs/eegroc-comb.pdf>
Package pdftex.def Info: ./figs/eegroc-comb.pdf used on input line 407.
(pdftex.def)             Requested size: 426.39255pt x 213.19685pt.

Overfull \vbox (7.73332pt too high) has occurred while \output is active []


[60]
Overfull \vbox (7.73332pt too high) has occurred while \output is active []


[61 <./figs/eegroc-comb.pdf>]
<./figs/eeg-vec-corrplot.pdf, id=405, 361.35pt x 469.755pt>
File: ./figs/eeg-vec-corrplot.pdf Graphic file (type pdf)

<use ./figs/eeg-vec-corrplot.pdf>
Package pdftex.def Info: ./figs/eeg-vec-corrplot.pdf used on input line 463.
(pdftex.def)             Requested size: 191.87534pt x 249.43488pt.

<./figs/eeg-AB-corrplot.pdf, id=406, 361.35pt x 469.755pt>
File: ./figs/eeg-AB-corrplot.pdf Graphic file (type pdf)

<use ./figs/eeg-AB-corrplot.pdf>
Package pdftex.def Info: ./figs/eeg-AB-corrplot.pdf used on input line 469.
(pdftex.def)             Requested size: 191.87534pt x 249.43488pt.


LaTeX Warning: `h' float specifier changed to `ht'.


Overfull \vbox (7.73332pt too high) has occurred while \output is active []


[62]
Overfull \vbox (7.73332pt too high) has occurred while \output is active []


[63 <./figs/eeg-vec-corrplot.pdf> <./figs/eeg-AB-corrplot.pdf>]
<./figs/eeg-boxplot1.pdf, id=426, 650.43pt x 289.08pt>
File: ./figs/eeg-boxplot1.pdf Graphic file (type pdf)

<use ./figs/eeg-boxplot1.pdf>
Package pdftex.def Info: ./figs/eeg-boxplot1.pdf used on input line 491.
(pdftex.def)             Requested size: 426.39255pt x 189.51419pt.

<./figs/eeg-boxplotch3.pdf, id=427, 650.43pt x 289.08pt>
File: ./figs/eeg-boxplotch3.pdf Graphic file (type pdf)

<use ./figs/eeg-boxplotch3.pdf>
Package pdftex.def Info: ./figs/eeg-boxplotch3.pdf used on input line 496.
(pdftex.def)             Requested size: 426.39255pt x 189.51419pt.

Overfull \vbox (7.73332pt too high) has occurred while \output is active []


[64 <./figs/eeg-boxplot1.pdf> <./figs/eeg-boxplotch3.pdf>]
Overfull \hbox (4.654pt too wide) in paragraph at lines 541--556
 [][] 
 []


Overfull \vbox (7.73332pt too high) has occurred while \output is active []


[65]
Overfull \vbox (7.73332pt too high) has occurred while \output is active []


[66])
Overfull \vbox (7.73332pt too high) has occurred while \output is active []


[67] (./thesis.bbl
Overfull \vbox (7.73332pt too high) has occurred while \output is active []


[68


])
Overfull \vbox (7.73332pt too high) has occurred while \output is active []


[69] (./thesis.aux (./cmds/cmds.aux) (./intro/intro.aux) (./bg/bg.aux)
(./lift/lift.aux) (./holder/holder.aux) (./eeg/eeg.aux))

LaTeX Warning: There were undefined references.


LaTeX Warning: There were multiply-defined labels.

 ) 
Here is how much of TeX's memory you used:
 6968 strings out of 493109
 104235 string characters out of 6135010
 199861 words of memory out of 5000000
 10207 multiletter control sequences out of 15000+600000
 11604 words of font info for 45 fonts, out of 8000000 for 9000
 1141 hyphenation exceptions out of 8191
 46i,16n,77p,923b,489s stack positions out of 5000i,500n,10000p,200000b,80000s
</usr/local/texlive/2014/texmf-dist/fonts/type1/public/amsfonts/cm/cmbx12.pfb
></usr/local/texlive/2014/texmf-dist/fonts/type1/public/amsfonts/cm/cmex10.pfb>
</usr/local/texlive/2014/texmf-dist/fonts/type1/public/amsfonts/cm/cmmi12.pfb><
/usr/local/texlive/2014/texmf-dist/fonts/type1/public/amsfonts/cm/cmmi6.pfb></u
sr/local/texlive/2014/texmf-dist/fonts/type1/public/amsfonts/cm/cmmi8.pfb></usr
/local/texlive/2014/texmf-dist/fonts/type1/public/amsfonts/cm/cmr12.pfb></usr/l
ocal/texlive/2014/texmf-dist/fonts/type1/public/amsfonts/cm/cmr17.pfb></usr/loc
al/texlive/2014/texmf-dist/fonts/type1/public/amsfonts/cm/cmr6.pfb></usr/local/
texlive/2014/texmf-dist/fonts/type1/public/amsfonts/cm/cmr8.pfb></usr/local/tex
live/2014/texmf-dist/fonts/type1/public/amsfonts/cm/cmss8.pfb></usr/local/texli
ve/2014/texmf-dist/fonts/type1/public/amsfonts/cm/cmsy10.pfb></usr/local/texliv
e/2014/texmf-dist/fonts/type1/public/amsfonts/cm/cmsy6.pfb></usr/local/texlive/
2014/texmf-dist/fonts/type1/public/amsfonts/cm/cmsy8.pfb></usr/local/texlive/20
14/texmf-dist/fonts/type1/public/amsfonts/cm/cmti12.pfb></usr/local/texlive/201
4/texmf-dist/fonts/type1/public/amsfonts/cm/cmtt12.pfb></usr/local/texlive/2014
/texmf-dist/fonts/type1/public/amsfonts/symbols/msbm10.pfb>
Output written on thesis.pdf (80 pages, 2730049 bytes).
PDF statistics:
 520 PDF objects out of 1000 (max. 8388607)
 370 compressed objects within 4 object streams
 0 named destinations out of 1000 (max. 500000)
 121 words of extra memory for PDF output out of 10000 (max. 10000000)

